2017-11-01 18:18:14 [main] INFO  PluginsService:174 - no modules loaded
2017-11-01 18:18:14 [main] INFO  PluginsService:177 - loaded plugin [org.elasticsearch.index.reindex.ReindexPlugin]
2017-11-01 18:18:14 [main] INFO  PluginsService:177 - loaded plugin [org.elasticsearch.percolator.PercolatorPlugin]
2017-11-01 18:18:14 [main] INFO  PluginsService:177 - loaded plugin [org.elasticsearch.script.mustache.MustachePlugin]
2017-11-01 18:18:14 [main] INFO  PluginsService:177 - loaded plugin [org.elasticsearch.transport.Netty3Plugin]
2017-11-01 18:18:14 [main] INFO  PluginsService:177 - loaded plugin [org.elasticsearch.transport.Netty4Plugin]
2017-11-02 10:28:48 [main] INFO  PluginsService:174 - no modules loaded
2017-11-02 10:28:48 [main] INFO  PluginsService:177 - loaded plugin [org.elasticsearch.index.reindex.ReindexPlugin]
2017-11-02 10:28:48 [main] INFO  PluginsService:177 - loaded plugin [org.elasticsearch.percolator.PercolatorPlugin]
2017-11-02 10:28:48 [main] INFO  PluginsService:177 - loaded plugin [org.elasticsearch.script.mustache.MustachePlugin]
2017-11-02 10:28:48 [main] INFO  PluginsService:177 - loaded plugin [org.elasticsearch.transport.Netty3Plugin]
2017-11-02 10:28:48 [main] INFO  PluginsService:177 - loaded plugin [org.elasticsearch.transport.Netty4Plugin]
2017-11-02 10:28:49 [main] INFO  PlatformDependent:104 - Your platform does not provide complete low-level API for accessing direct buffers reliably. Unless explicitly requested, heap buffer will always be preferred to avoid potential system unstability.
2017-11-02 11:09:16 [main] INFO  PluginsService:174 - no modules loaded
2017-11-02 11:09:16 [main] INFO  PluginsService:177 - loaded plugin [org.elasticsearch.index.reindex.ReindexPlugin]
2017-11-02 11:09:16 [main] INFO  PluginsService:177 - loaded plugin [org.elasticsearch.percolator.PercolatorPlugin]
2017-11-02 11:09:16 [main] INFO  PluginsService:177 - loaded plugin [org.elasticsearch.script.mustache.MustachePlugin]
2017-11-02 11:09:16 [main] INFO  PluginsService:177 - loaded plugin [org.elasticsearch.transport.Netty3Plugin]
2017-11-02 11:09:16 [main] INFO  PluginsService:177 - loaded plugin [org.elasticsearch.transport.Netty4Plugin]
2017-11-02 11:09:17 [main] INFO  PlatformDependent:104 - Your platform does not provide complete low-level API for accessing direct buffers reliably. Unless explicitly requested, heap buffer will always be preferred to avoid potential system unstability.
2017-11-02 11:09:21 [main] INFO  PluginsService:174 - no modules loaded
2017-11-02 11:09:21 [main] INFO  PluginsService:177 - loaded plugin [org.elasticsearch.index.reindex.ReindexPlugin]
2017-11-02 11:09:21 [main] INFO  PluginsService:177 - loaded plugin [org.elasticsearch.percolator.PercolatorPlugin]
2017-11-02 11:09:21 [main] INFO  PluginsService:177 - loaded plugin [org.elasticsearch.script.mustache.MustachePlugin]
2017-11-02 11:09:21 [main] INFO  PluginsService:177 - loaded plugin [org.elasticsearch.transport.Netty3Plugin]
2017-11-02 11:09:21 [main] INFO  PluginsService:177 - loaded plugin [org.elasticsearch.transport.Netty4Plugin]
2017-11-02 11:09:22 [main] INFO  PlatformDependent:104 - Your platform does not provide complete low-level API for accessing direct buffers reliably. Unless explicitly requested, heap buffer will always be preferred to avoid potential system unstability.
2017-11-02 11:20:23 [main] INFO  PluginsService:174 - no modules loaded
2017-11-02 11:20:23 [main] INFO  PluginsService:177 - loaded plugin [org.elasticsearch.index.reindex.ReindexPlugin]
2017-11-02 11:20:23 [main] INFO  PluginsService:177 - loaded plugin [org.elasticsearch.percolator.PercolatorPlugin]
2017-11-02 11:20:23 [main] INFO  PluginsService:177 - loaded plugin [org.elasticsearch.script.mustache.MustachePlugin]
2017-11-02 11:20:23 [main] INFO  PluginsService:177 - loaded plugin [org.elasticsearch.transport.Netty3Plugin]
2017-11-02 11:20:23 [main] INFO  PluginsService:177 - loaded plugin [org.elasticsearch.transport.Netty4Plugin]
2017-11-02 11:20:24 [main] INFO  PlatformDependent:104 - Your platform does not provide complete low-level API for accessing direct buffers reliably. Unless explicitly requested, heap buffer will always be preferred to avoid potential system unstability.
2017-11-02 11:24:54 [main] INFO  PluginsService:174 - no modules loaded
2017-11-02 11:24:54 [main] INFO  PluginsService:177 - loaded plugin [org.elasticsearch.index.reindex.ReindexPlugin]
2017-11-02 11:24:54 [main] INFO  PluginsService:177 - loaded plugin [org.elasticsearch.percolator.PercolatorPlugin]
2017-11-02 11:24:54 [main] INFO  PluginsService:177 - loaded plugin [org.elasticsearch.script.mustache.MustachePlugin]
2017-11-02 11:24:54 [main] INFO  PluginsService:177 - loaded plugin [org.elasticsearch.transport.Netty3Plugin]
2017-11-02 11:24:54 [main] INFO  PluginsService:177 - loaded plugin [org.elasticsearch.transport.Netty4Plugin]
2017-11-02 11:24:54 [main] INFO  PlatformDependent:104 - Your platform does not provide complete low-level API for accessing direct buffers reliably. Unless explicitly requested, heap buffer will always be preferred to avoid potential system unstability.
2017-11-02 11:28:15 [main] INFO  PluginsService:174 - no modules loaded
2017-11-02 11:28:15 [main] INFO  PluginsService:177 - loaded plugin [org.elasticsearch.index.reindex.ReindexPlugin]
2017-11-02 11:28:15 [main] INFO  PluginsService:177 - loaded plugin [org.elasticsearch.percolator.PercolatorPlugin]
2017-11-02 11:28:15 [main] INFO  PluginsService:177 - loaded plugin [org.elasticsearch.script.mustache.MustachePlugin]
2017-11-02 11:28:15 [main] INFO  PluginsService:177 - loaded plugin [org.elasticsearch.transport.Netty3Plugin]
2017-11-02 11:28:15 [main] INFO  PluginsService:177 - loaded plugin [org.elasticsearch.transport.Netty4Plugin]
2017-11-02 11:28:16 [main] INFO  PlatformDependent:104 - Your platform does not provide complete low-level API for accessing direct buffers reliably. Unless explicitly requested, heap buffer will always be preferred to avoid potential system unstability.
2017-11-02 15:19:23 [main] INFO  PluginsService:174 - no modules loaded
2017-11-02 15:19:23 [main] INFO  PluginsService:177 - loaded plugin [org.elasticsearch.index.reindex.ReindexPlugin]
2017-11-02 15:19:23 [main] INFO  PluginsService:177 - loaded plugin [org.elasticsearch.percolator.PercolatorPlugin]
2017-11-02 15:19:23 [main] INFO  PluginsService:177 - loaded plugin [org.elasticsearch.script.mustache.MustachePlugin]
2017-11-02 15:19:23 [main] INFO  PluginsService:177 - loaded plugin [org.elasticsearch.transport.Netty3Plugin]
2017-11-02 15:19:23 [main] INFO  PluginsService:177 - loaded plugin [org.elasticsearch.transport.Netty4Plugin]
2017-11-02 15:20:36 [main] INFO  PluginsService:174 - no modules loaded
2017-11-02 15:20:36 [main] INFO  PluginsService:177 - loaded plugin [org.elasticsearch.index.reindex.ReindexPlugin]
2017-11-02 15:20:36 [main] INFO  PluginsService:177 - loaded plugin [org.elasticsearch.percolator.PercolatorPlugin]
2017-11-02 15:20:36 [main] INFO  PluginsService:177 - loaded plugin [org.elasticsearch.script.mustache.MustachePlugin]
2017-11-02 15:20:36 [main] INFO  PluginsService:177 - loaded plugin [org.elasticsearch.transport.Netty3Plugin]
2017-11-02 15:20:36 [main] INFO  PluginsService:177 - loaded plugin [org.elasticsearch.transport.Netty4Plugin]
2017-11-02 15:25:04 [main] INFO  PluginsService:174 - no modules loaded
2017-11-02 15:25:04 [main] INFO  PluginsService:177 - loaded plugin [org.elasticsearch.index.reindex.ReindexPlugin]
2017-11-02 15:25:04 [main] INFO  PluginsService:177 - loaded plugin [org.elasticsearch.percolator.PercolatorPlugin]
2017-11-02 15:25:04 [main] INFO  PluginsService:177 - loaded plugin [org.elasticsearch.script.mustache.MustachePlugin]
2017-11-02 15:25:04 [main] INFO  PluginsService:177 - loaded plugin [org.elasticsearch.transport.Netty3Plugin]
2017-11-02 15:25:04 [main] INFO  PluginsService:177 - loaded plugin [org.elasticsearch.transport.Netty4Plugin]
2017-11-02 15:27:35 [main] INFO  PluginsService:174 - no modules loaded
2017-11-02 15:27:35 [main] INFO  PluginsService:177 - loaded plugin [org.elasticsearch.index.reindex.ReindexPlugin]
2017-11-02 15:27:35 [main] INFO  PluginsService:177 - loaded plugin [org.elasticsearch.percolator.PercolatorPlugin]
2017-11-02 15:27:35 [main] INFO  PluginsService:177 - loaded plugin [org.elasticsearch.script.mustache.MustachePlugin]
2017-11-02 15:27:35 [main] INFO  PluginsService:177 - loaded plugin [org.elasticsearch.transport.Netty3Plugin]
2017-11-02 15:27:35 [main] INFO  PluginsService:177 - loaded plugin [org.elasticsearch.transport.Netty4Plugin]
2017-11-02 15:28:12 [main] INFO  PluginsService:174 - no modules loaded
2017-11-02 15:28:12 [main] INFO  PluginsService:177 - loaded plugin [org.elasticsearch.index.reindex.ReindexPlugin]
2017-11-02 15:28:12 [main] INFO  PluginsService:177 - loaded plugin [org.elasticsearch.percolator.PercolatorPlugin]
2017-11-02 15:28:12 [main] INFO  PluginsService:177 - loaded plugin [org.elasticsearch.script.mustache.MustachePlugin]
2017-11-02 15:28:12 [main] INFO  PluginsService:177 - loaded plugin [org.elasticsearch.transport.Netty3Plugin]
2017-11-02 15:28:12 [main] INFO  PluginsService:177 - loaded plugin [org.elasticsearch.transport.Netty4Plugin]
2017-11-02 15:35:05 [main] INFO  PluginsService:174 - no modules loaded
2017-11-02 15:35:05 [main] INFO  PluginsService:177 - loaded plugin [org.elasticsearch.index.reindex.ReindexPlugin]
2017-11-02 15:35:05 [main] INFO  PluginsService:177 - loaded plugin [org.elasticsearch.percolator.PercolatorPlugin]
2017-11-02 15:35:05 [main] INFO  PluginsService:177 - loaded plugin [org.elasticsearch.script.mustache.MustachePlugin]
2017-11-02 15:35:05 [main] INFO  PluginsService:177 - loaded plugin [org.elasticsearch.transport.Netty3Plugin]
2017-11-02 15:35:05 [main] INFO  PluginsService:177 - loaded plugin [org.elasticsearch.transport.Netty4Plugin]
2017-11-02 15:36:44 [main] INFO  PluginsService:174 - no modules loaded
2017-11-02 15:36:44 [main] INFO  PluginsService:177 - loaded plugin [org.elasticsearch.index.reindex.ReindexPlugin]
2017-11-02 15:36:44 [main] INFO  PluginsService:177 - loaded plugin [org.elasticsearch.percolator.PercolatorPlugin]
2017-11-02 15:36:44 [main] INFO  PluginsService:177 - loaded plugin [org.elasticsearch.script.mustache.MustachePlugin]
2017-11-02 15:36:44 [main] INFO  PluginsService:177 - loaded plugin [org.elasticsearch.transport.Netty3Plugin]
2017-11-02 15:36:44 [main] INFO  PluginsService:177 - loaded plugin [org.elasticsearch.transport.Netty4Plugin]
2017-11-02 15:41:32 [main] INFO  PluginsService:174 - no modules loaded
2017-11-02 15:41:32 [main] INFO  PluginsService:177 - loaded plugin [org.elasticsearch.index.reindex.ReindexPlugin]
2017-11-02 15:41:32 [main] INFO  PluginsService:177 - loaded plugin [org.elasticsearch.percolator.PercolatorPlugin]
2017-11-02 15:41:32 [main] INFO  PluginsService:177 - loaded plugin [org.elasticsearch.script.mustache.MustachePlugin]
2017-11-02 15:41:32 [main] INFO  PluginsService:177 - loaded plugin [org.elasticsearch.transport.Netty3Plugin]
2017-11-02 15:41:32 [main] INFO  PluginsService:177 - loaded plugin [org.elasticsearch.transport.Netty4Plugin]
2017-11-02 15:43:18 [main] INFO  PluginsService:174 - no modules loaded
2017-11-02 15:43:18 [main] INFO  PluginsService:177 - loaded plugin [org.elasticsearch.index.reindex.ReindexPlugin]
2017-11-02 15:43:18 [main] INFO  PluginsService:177 - loaded plugin [org.elasticsearch.percolator.PercolatorPlugin]
2017-11-02 15:43:18 [main] INFO  PluginsService:177 - loaded plugin [org.elasticsearch.script.mustache.MustachePlugin]
2017-11-02 15:43:18 [main] INFO  PluginsService:177 - loaded plugin [org.elasticsearch.transport.Netty3Plugin]
2017-11-02 15:43:18 [main] INFO  PluginsService:177 - loaded plugin [org.elasticsearch.transport.Netty4Plugin]
2017-11-02 15:52:34 [main] INFO  PluginsService:174 - no modules loaded
2017-11-02 15:52:34 [main] INFO  PluginsService:177 - loaded plugin [org.elasticsearch.index.reindex.ReindexPlugin]
2017-11-02 15:52:34 [main] INFO  PluginsService:177 - loaded plugin [org.elasticsearch.percolator.PercolatorPlugin]
2017-11-02 15:52:34 [main] INFO  PluginsService:177 - loaded plugin [org.elasticsearch.script.mustache.MustachePlugin]
2017-11-02 15:52:34 [main] INFO  PluginsService:177 - loaded plugin [org.elasticsearch.transport.Netty3Plugin]
2017-11-02 15:52:34 [main] INFO  PluginsService:177 - loaded plugin [org.elasticsearch.transport.Netty4Plugin]
2017-11-02 15:53:30 [main] INFO  PluginsService:174 - no modules loaded
2017-11-02 15:53:30 [main] INFO  PluginsService:177 - loaded plugin [org.elasticsearch.index.reindex.ReindexPlugin]
2017-11-02 15:53:30 [main] INFO  PluginsService:177 - loaded plugin [org.elasticsearch.percolator.PercolatorPlugin]
2017-11-02 15:53:30 [main] INFO  PluginsService:177 - loaded plugin [org.elasticsearch.script.mustache.MustachePlugin]
2017-11-02 15:53:30 [main] INFO  PluginsService:177 - loaded plugin [org.elasticsearch.transport.Netty3Plugin]
2017-11-02 15:53:30 [main] INFO  PluginsService:177 - loaded plugin [org.elasticsearch.transport.Netty4Plugin]
2017-11-02 17:58:20 [main] INFO  PluginsService:174 - no modules loaded
2017-11-02 17:58:20 [main] INFO  PluginsService:177 - loaded plugin [org.elasticsearch.index.reindex.ReindexPlugin]
2017-11-02 17:58:20 [main] INFO  PluginsService:177 - loaded plugin [org.elasticsearch.percolator.PercolatorPlugin]
2017-11-02 17:58:20 [main] INFO  PluginsService:177 - loaded plugin [org.elasticsearch.script.mustache.MustachePlugin]
2017-11-02 17:58:20 [main] INFO  PluginsService:177 - loaded plugin [org.elasticsearch.transport.Netty3Plugin]
2017-11-02 17:58:20 [main] INFO  PluginsService:177 - loaded plugin [org.elasticsearch.transport.Netty4Plugin]
2017-11-02 18:00:20 [main] INFO  PluginsService:174 - no modules loaded
2017-11-02 18:00:20 [main] INFO  PluginsService:177 - loaded plugin [org.elasticsearch.index.reindex.ReindexPlugin]
2017-11-02 18:00:20 [main] INFO  PluginsService:177 - loaded plugin [org.elasticsearch.percolator.PercolatorPlugin]
2017-11-02 18:00:20 [main] INFO  PluginsService:177 - loaded plugin [org.elasticsearch.script.mustache.MustachePlugin]
2017-11-02 18:00:20 [main] INFO  PluginsService:177 - loaded plugin [org.elasticsearch.transport.Netty3Plugin]
2017-11-02 18:00:20 [main] INFO  PluginsService:177 - loaded plugin [org.elasticsearch.transport.Netty4Plugin]
2017-11-02 18:09:59 [main] INFO  PluginsService:174 - no modules loaded
2017-11-02 18:09:59 [main] INFO  PluginsService:177 - loaded plugin [org.elasticsearch.index.reindex.ReindexPlugin]
2017-11-02 18:09:59 [main] INFO  PluginsService:177 - loaded plugin [org.elasticsearch.percolator.PercolatorPlugin]
2017-11-02 18:09:59 [main] INFO  PluginsService:177 - loaded plugin [org.elasticsearch.script.mustache.MustachePlugin]
2017-11-02 18:09:59 [main] INFO  PluginsService:177 - loaded plugin [org.elasticsearch.transport.Netty3Plugin]
2017-11-02 18:09:59 [main] INFO  PluginsService:177 - loaded plugin [org.elasticsearch.transport.Netty4Plugin]
2017-11-02 18:10:51 [main] INFO  PluginsService:174 - no modules loaded
2017-11-02 18:10:51 [main] INFO  PluginsService:177 - loaded plugin [org.elasticsearch.index.reindex.ReindexPlugin]
2017-11-02 18:10:51 [main] INFO  PluginsService:177 - loaded plugin [org.elasticsearch.percolator.PercolatorPlugin]
2017-11-02 18:10:51 [main] INFO  PluginsService:177 - loaded plugin [org.elasticsearch.script.mustache.MustachePlugin]
2017-11-02 18:10:51 [main] INFO  PluginsService:177 - loaded plugin [org.elasticsearch.transport.Netty3Plugin]
2017-11-02 18:10:51 [main] INFO  PluginsService:177 - loaded plugin [org.elasticsearch.transport.Netty4Plugin]
2017-11-02 18:16:51 [main] INFO  PluginsService:174 - no modules loaded
2017-11-02 18:16:51 [main] INFO  PluginsService:177 - loaded plugin [org.elasticsearch.index.reindex.ReindexPlugin]
2017-11-02 18:16:51 [main] INFO  PluginsService:177 - loaded plugin [org.elasticsearch.percolator.PercolatorPlugin]
2017-11-02 18:16:51 [main] INFO  PluginsService:177 - loaded plugin [org.elasticsearch.script.mustache.MustachePlugin]
2017-11-02 18:16:51 [main] INFO  PluginsService:177 - loaded plugin [org.elasticsearch.transport.Netty3Plugin]
2017-11-02 18:16:51 [main] INFO  PluginsService:177 - loaded plugin [org.elasticsearch.transport.Netty4Plugin]
2017-11-02 18:18:53 [main] INFO  PluginsService:174 - no modules loaded
2017-11-02 18:18:53 [main] INFO  PluginsService:177 - loaded plugin [org.elasticsearch.index.reindex.ReindexPlugin]
2017-11-02 18:18:53 [main] INFO  PluginsService:177 - loaded plugin [org.elasticsearch.percolator.PercolatorPlugin]
2017-11-02 18:18:53 [main] INFO  PluginsService:177 - loaded plugin [org.elasticsearch.script.mustache.MustachePlugin]
2017-11-02 18:18:53 [main] INFO  PluginsService:177 - loaded plugin [org.elasticsearch.transport.Netty3Plugin]
2017-11-02 18:18:53 [main] INFO  PluginsService:177 - loaded plugin [org.elasticsearch.transport.Netty4Plugin]
2017-11-02 18:58:13 [main] INFO  PluginsService:174 - no modules loaded
2017-11-02 18:58:13 [main] INFO  PluginsService:177 - loaded plugin [org.elasticsearch.index.reindex.ReindexPlugin]
2017-11-02 18:58:13 [main] INFO  PluginsService:177 - loaded plugin [org.elasticsearch.percolator.PercolatorPlugin]
2017-11-02 18:58:13 [main] INFO  PluginsService:177 - loaded plugin [org.elasticsearch.script.mustache.MustachePlugin]
2017-11-02 18:58:13 [main] INFO  PluginsService:177 - loaded plugin [org.elasticsearch.transport.Netty3Plugin]
2017-11-02 18:58:13 [main] INFO  PluginsService:177 - loaded plugin [org.elasticsearch.transport.Netty4Plugin]
2017-11-02 18:59:14 [main] INFO  PluginsService:174 - no modules loaded
2017-11-02 18:59:14 [main] INFO  PluginsService:177 - loaded plugin [org.elasticsearch.index.reindex.ReindexPlugin]
2017-11-02 18:59:14 [main] INFO  PluginsService:177 - loaded plugin [org.elasticsearch.percolator.PercolatorPlugin]
2017-11-02 18:59:14 [main] INFO  PluginsService:177 - loaded plugin [org.elasticsearch.script.mustache.MustachePlugin]
2017-11-02 18:59:14 [main] INFO  PluginsService:177 - loaded plugin [org.elasticsearch.transport.Netty3Plugin]
2017-11-02 18:59:14 [main] INFO  PluginsService:177 - loaded plugin [org.elasticsearch.transport.Netty4Plugin]
2017-11-02 19:08:41 [main] INFO  PluginsService:174 - no modules loaded
2017-11-02 19:08:41 [main] INFO  PluginsService:177 - loaded plugin [org.elasticsearch.index.reindex.ReindexPlugin]
2017-11-02 19:08:41 [main] INFO  PluginsService:177 - loaded plugin [org.elasticsearch.percolator.PercolatorPlugin]
2017-11-02 19:08:41 [main] INFO  PluginsService:177 - loaded plugin [org.elasticsearch.script.mustache.MustachePlugin]
2017-11-02 19:08:41 [main] INFO  PluginsService:177 - loaded plugin [org.elasticsearch.transport.Netty3Plugin]
2017-11-02 19:08:41 [main] INFO  PluginsService:177 - loaded plugin [org.elasticsearch.transport.Netty4Plugin]
2017-11-02 19:18:37 [main] INFO  PluginsService:174 - no modules loaded
2017-11-02 19:18:37 [main] INFO  PluginsService:177 - loaded plugin [org.elasticsearch.index.reindex.ReindexPlugin]
2017-11-02 19:18:37 [main] INFO  PluginsService:177 - loaded plugin [org.elasticsearch.percolator.PercolatorPlugin]
2017-11-02 19:18:37 [main] INFO  PluginsService:177 - loaded plugin [org.elasticsearch.script.mustache.MustachePlugin]
2017-11-02 19:18:37 [main] INFO  PluginsService:177 - loaded plugin [org.elasticsearch.transport.Netty3Plugin]
2017-11-02 19:18:37 [main] INFO  PluginsService:177 - loaded plugin [org.elasticsearch.transport.Netty4Plugin]
2017-11-02 19:19:55 [main] INFO  PluginsService:174 - no modules loaded
2017-11-02 19:19:55 [main] INFO  PluginsService:177 - loaded plugin [org.elasticsearch.index.reindex.ReindexPlugin]
2017-11-02 19:19:55 [main] INFO  PluginsService:177 - loaded plugin [org.elasticsearch.percolator.PercolatorPlugin]
2017-11-02 19:19:55 [main] INFO  PluginsService:177 - loaded plugin [org.elasticsearch.script.mustache.MustachePlugin]
2017-11-02 19:19:55 [main] INFO  PluginsService:177 - loaded plugin [org.elasticsearch.transport.Netty3Plugin]
2017-11-02 19:19:55 [main] INFO  PluginsService:177 - loaded plugin [org.elasticsearch.transport.Netty4Plugin]
2017-11-03 15:20:50 [main] INFO  PluginsService:174 - no modules loaded
2017-11-03 15:20:50 [main] INFO  PluginsService:177 - loaded plugin [org.elasticsearch.index.reindex.ReindexPlugin]
2017-11-03 15:20:50 [main] INFO  PluginsService:177 - loaded plugin [org.elasticsearch.percolator.PercolatorPlugin]
2017-11-03 15:20:50 [main] INFO  PluginsService:177 - loaded plugin [org.elasticsearch.script.mustache.MustachePlugin]
2017-11-03 15:20:50 [main] INFO  PluginsService:177 - loaded plugin [org.elasticsearch.transport.Netty3Plugin]
2017-11-03 15:20:50 [main] INFO  PluginsService:177 - loaded plugin [org.elasticsearch.transport.Netty4Plugin]
2017-11-03 16:26:36 [main] INFO  PluginsService:174 - no modules loaded
2017-11-03 16:26:36 [main] INFO  PluginsService:177 - loaded plugin [org.elasticsearch.index.reindex.ReindexPlugin]
2017-11-03 16:26:36 [main] INFO  PluginsService:177 - loaded plugin [org.elasticsearch.percolator.PercolatorPlugin]
2017-11-03 16:26:36 [main] INFO  PluginsService:177 - loaded plugin [org.elasticsearch.script.mustache.MustachePlugin]
2017-11-03 16:26:36 [main] INFO  PluginsService:177 - loaded plugin [org.elasticsearch.transport.Netty3Plugin]
2017-11-03 16:26:36 [main] INFO  PluginsService:177 - loaded plugin [org.elasticsearch.transport.Netty4Plugin]
2017-11-03 16:26:46 [main] INFO  PluginsService:174 - no modules loaded
2017-11-03 16:26:46 [main] INFO  PluginsService:177 - loaded plugin [org.elasticsearch.index.reindex.ReindexPlugin]
2017-11-03 16:26:46 [main] INFO  PluginsService:177 - loaded plugin [org.elasticsearch.percolator.PercolatorPlugin]
2017-11-03 16:26:46 [main] INFO  PluginsService:177 - loaded plugin [org.elasticsearch.script.mustache.MustachePlugin]
2017-11-03 16:26:46 [main] INFO  PluginsService:177 - loaded plugin [org.elasticsearch.transport.Netty3Plugin]
2017-11-03 16:26:46 [main] INFO  PluginsService:177 - loaded plugin [org.elasticsearch.transport.Netty4Plugin]
2017-11-03 16:30:55 [main] INFO  PluginsService:174 - no modules loaded
2017-11-03 16:30:55 [main] INFO  PluginsService:177 - loaded plugin [org.elasticsearch.index.reindex.ReindexPlugin]
2017-11-03 16:30:55 [main] INFO  PluginsService:177 - loaded plugin [org.elasticsearch.percolator.PercolatorPlugin]
2017-11-03 16:30:55 [main] INFO  PluginsService:177 - loaded plugin [org.elasticsearch.script.mustache.MustachePlugin]
2017-11-03 16:30:55 [main] INFO  PluginsService:177 - loaded plugin [org.elasticsearch.transport.Netty3Plugin]
2017-11-03 16:30:55 [main] INFO  PluginsService:177 - loaded plugin [org.elasticsearch.transport.Netty4Plugin]
2017-11-03 16:38:09 [main] INFO  PluginsService:174 - no modules loaded
2017-11-03 16:38:09 [main] INFO  PluginsService:177 - loaded plugin [org.elasticsearch.index.reindex.ReindexPlugin]
2017-11-03 16:38:09 [main] INFO  PluginsService:177 - loaded plugin [org.elasticsearch.percolator.PercolatorPlugin]
2017-11-03 16:38:09 [main] INFO  PluginsService:177 - loaded plugin [org.elasticsearch.script.mustache.MustachePlugin]
2017-11-03 16:38:09 [main] INFO  PluginsService:177 - loaded plugin [org.elasticsearch.transport.Netty3Plugin]
2017-11-03 16:38:09 [main] INFO  PluginsService:177 - loaded plugin [org.elasticsearch.transport.Netty4Plugin]
2017-11-03 16:40:23 [main] INFO  PluginsService:174 - no modules loaded
2017-11-03 16:40:23 [main] INFO  PluginsService:177 - loaded plugin [org.elasticsearch.index.reindex.ReindexPlugin]
2017-11-03 16:40:23 [main] INFO  PluginsService:177 - loaded plugin [org.elasticsearch.percolator.PercolatorPlugin]
2017-11-03 16:40:23 [main] INFO  PluginsService:177 - loaded plugin [org.elasticsearch.script.mustache.MustachePlugin]
2017-11-03 16:40:23 [main] INFO  PluginsService:177 - loaded plugin [org.elasticsearch.transport.Netty3Plugin]
2017-11-03 16:40:23 [main] INFO  PluginsService:177 - loaded plugin [org.elasticsearch.transport.Netty4Plugin]
2017-11-03 16:42:05 [main] INFO  PluginsService:174 - no modules loaded
2017-11-03 16:42:05 [main] INFO  PluginsService:177 - loaded plugin [org.elasticsearch.index.reindex.ReindexPlugin]
2017-11-03 16:42:05 [main] INFO  PluginsService:177 - loaded plugin [org.elasticsearch.percolator.PercolatorPlugin]
2017-11-03 16:42:05 [main] INFO  PluginsService:177 - loaded plugin [org.elasticsearch.script.mustache.MustachePlugin]
2017-11-03 16:42:05 [main] INFO  PluginsService:177 - loaded plugin [org.elasticsearch.transport.Netty3Plugin]
2017-11-03 16:42:05 [main] INFO  PluginsService:177 - loaded plugin [org.elasticsearch.transport.Netty4Plugin]
2017-11-03 16:46:08 [main] INFO  PluginsService:174 - no modules loaded
2017-11-03 16:46:08 [main] INFO  PluginsService:177 - loaded plugin [org.elasticsearch.index.reindex.ReindexPlugin]
2017-11-03 16:46:08 [main] INFO  PluginsService:177 - loaded plugin [org.elasticsearch.percolator.PercolatorPlugin]
2017-11-03 16:46:08 [main] INFO  PluginsService:177 - loaded plugin [org.elasticsearch.script.mustache.MustachePlugin]
2017-11-03 16:46:08 [main] INFO  PluginsService:177 - loaded plugin [org.elasticsearch.transport.Netty3Plugin]
2017-11-03 16:46:08 [main] INFO  PluginsService:177 - loaded plugin [org.elasticsearch.transport.Netty4Plugin]
2017-11-03 16:48:04 [main] INFO  PluginsService:174 - no modules loaded
2017-11-03 16:48:04 [main] INFO  PluginsService:177 - loaded plugin [org.elasticsearch.index.reindex.ReindexPlugin]
2017-11-03 16:48:04 [main] INFO  PluginsService:177 - loaded plugin [org.elasticsearch.percolator.PercolatorPlugin]
2017-11-03 16:48:04 [main] INFO  PluginsService:177 - loaded plugin [org.elasticsearch.script.mustache.MustachePlugin]
2017-11-03 16:48:04 [main] INFO  PluginsService:177 - loaded plugin [org.elasticsearch.transport.Netty3Plugin]
2017-11-03 16:48:04 [main] INFO  PluginsService:177 - loaded plugin [org.elasticsearch.transport.Netty4Plugin]
